.\Debug\RobotControl.bsc
.\Debug\RobotControl.ilk
.\Debug\RobotControl.pdb
C:\USERS\ALBERT\DESKTOP\五院项目\ROBOTCONTROL 7.22-游戏手柄控制模型和机械臂--乐\DEBUG\AUTOPLANSETDLG.OBJ
C:\USERS\ALBERT\DESKTOP\五院项目\ROBOTCONTROL 7.22-游戏手柄控制模型和机械臂--乐\DEBUG\AUTOPLANSETDLG.SBR
C:\USERS\ALBERT\DESKTOP\五院项目\ROBOTCONTROL 7.22-游戏手柄控制模型和机械臂--乐\DEBUG\CTRLTAB.OBJ
C:\USERS\ALBERT\DESKTOP\五院项目\ROBOTCONTROL 7.22-游戏手柄控制模型和机械臂--乐\DEBUG\CTRLTAB.SBR
C:\USERS\ALBERT\DESKTOP\五院项目\ROBOTCONTROL 7.22-游戏手柄控制模型和机械臂--乐\DEBUG\HANDCONTROLDLG.OBJ
C:\USERS\ALBERT\DESKTOP\五院项目\ROBOTCONTROL 7.22-游戏手柄控制模型和机械臂--乐\DEBUG\HANDCONTROLDLG.SBR
C:\USERS\ALBERT\DESKTOP\五院项目\ROBOTCONTROL 7.22-游戏手柄控制模型和机械臂--乐\DEBUG\INITHARDWARE.OBJ
C:\USERS\ALBERT\DESKTOP\五院项目\ROBOTCONTROL 7.22-游戏手柄控制模型和机械臂--乐\DEBUG\INITHARDWARE.SBR
C:\USERS\ALBERT\DESKTOP\五院项目\ROBOTCONTROL 7.22-游戏手柄控制模型和机械臂--乐\DEBUG\LINERPLANSETDLG.OBJ
C:\USERS\ALBERT\DESKTOP\五院项目\ROBOTCONTROL 7.22-游戏手柄控制模型和机械臂--乐\DEBUG\LINERPLANSETDLG.SBR
C:\USERS\ALBERT\DESKTOP\五院项目\ROBOTCONTROL 7.22-游戏手柄控制模型和机械臂--乐\DEBUG\MAINFRM.OBJ
C:\USERS\ALBERT\DESKTOP\五院项目\ROBOTCONTROL 7.22-游戏手柄控制模型和机械臂--乐\DEBUG\MAINFRM.SBR
C:\USERS\ALBERT\DESKTOP\五院项目\ROBOTCONTROL 7.22-游戏手柄控制模型和机械臂--乐\DEBUG\PATHPLANDLG.OBJ
C:\USERS\ALBERT\DESKTOP\五院项目\ROBOTCONTROL 7.22-游戏手柄控制模型和机械臂--乐\DEBUG\PATHPLANDLG.SBR
C:\USERS\ALBERT\DESKTOP\五院项目\ROBOTCONTROL 7.22-游戏手柄控制模型和机械臂--乐\DEBUG\ROBOTCONTROL.BSC
C:\USERS\ALBERT\DESKTOP\五院项目\ROBOTCONTROL 7.22-游戏手柄控制模型和机械臂--乐\DEBUG\ROBOTCONTROL.EXE
C:\USERS\ALBERT\DESKTOP\五院项目\ROBOTCONTROL 7.22-游戏手柄控制模型和机械臂--乐\DEBUG\ROBOTCONTROL.EXE.EMBED.MANIFEST
C:\USERS\ALBERT\DESKTOP\五院项目\ROBOTCONTROL 7.22-游戏手柄控制模型和机械臂--乐\DEBUG\ROBOTCONTROL.EXE.EMBED.MANIFEST.RES
C:\USERS\ALBERT\DESKTOP\五院项目\ROBOTCONTROL 7.22-游戏手柄控制模型和机械臂--乐\DEBUG\ROBOTCONTROL.EXE.INTERMEDIATE.MANIFEST
C:\USERS\ALBERT\DESKTOP\五院项目\ROBOTCONTROL 7.22-游戏手柄控制模型和机械臂--乐\DEBUG\ROBOTCONTROL.ILK
C:\USERS\ALBERT\DESKTOP\五院项目\ROBOTCONTROL 7.22-游戏手柄控制模型和机械臂--乐\DEBUG\ROBOTCONTROL.OBJ
C:\USERS\ALBERT\DESKTOP\五院项目\ROBOTCONTROL 7.22-游戏手柄控制模型和机械臂--乐\DEBUG\ROBOTCONTROL.PCH
C:\USERS\ALBERT\DESKTOP\五院项目\ROBOTCONTROL 7.22-游戏手柄控制模型和机械臂--乐\DEBUG\ROBOTCONTROL.PDB
C:\USERS\ALBERT\DESKTOP\五院项目\ROBOTCONTROL 7.22-游戏手柄控制模型和机械臂--乐\DEBUG\ROBOTCONTROL.RES
C:\USERS\ALBERT\DESKTOP\五院项目\ROBOTCONTROL 7.22-游戏手柄控制模型和机械臂--乐\DEBUG\ROBOTCONTROL.SBR
C:\USERS\ALBERT\DESKTOP\五院项目\ROBOTCONTROL 7.22-游戏手柄控制模型和机械臂--乐\DEBUG\ROBOTCONTROLDOC.OBJ
C:\USERS\ALBERT\DESKTOP\五院项目\ROBOTCONTROL 7.22-游戏手柄控制模型和机械臂--乐\DEBUG\ROBOTCONTROLDOC.SBR
C:\USERS\ALBERT\DESKTOP\五院项目\ROBOTCONTROL 7.22-游戏手柄控制模型和机械臂--乐\DEBUG\ROBOTCONTROLMULTIDOC.OBJ
C:\USERS\ALBERT\DESKTOP\五院项目\ROBOTCONTROL 7.22-游戏手柄控制模型和机械臂--乐\DEBUG\ROBOTCONTROLMULTIDOC.SBR
C:\USERS\ALBERT\DESKTOP\五院项目\ROBOTCONTROL 7.22-游戏手柄控制模型和机械臂--乐\DEBUG\ROBOTCONTROLVIEW.OBJ
C:\USERS\ALBERT\DESKTOP\五院项目\ROBOTCONTROL 7.22-游戏手柄控制模型和机械臂--乐\DEBUG\ROBOTCONTROLVIEW.SBR
C:\USERS\ALBERT\DESKTOP\五院项目\ROBOTCONTROL 7.22-游戏手柄控制模型和机械臂--乐\DEBUG\SIDEBAR.OBJ
C:\USERS\ALBERT\DESKTOP\五院项目\ROBOTCONTROL 7.22-游戏手柄控制模型和机械臂--乐\DEBUG\SIDEBAR.SBR
C:\USERS\ALBERT\DESKTOP\五院项目\ROBOTCONTROL 7.22-游戏手柄控制模型和机械臂--乐\DEBUG\STDAFX.OBJ
C:\USERS\ALBERT\DESKTOP\五院项目\ROBOTCONTROL 7.22-游戏手柄控制模型和机械臂--乐\DEBUG\STDAFX.SBR
C:\USERS\ALBERT\DESKTOP\五院项目\ROBOTCONTROL 7.22-游戏手柄控制模型和机械臂--乐\DEBUG\VC100.PDB
C:\Users\robot\Desktop\RobotControl 7.22-手柄控制模型和机械臂--乐\.\Debug\RobotControl.exe
C:\Users\robot\Desktop\RobotControl 7.22-手柄控制模型和机械臂--乐\.\Debug\RobotControl.exe.intermediate.manifest
C:\Users\robot\Desktop\RobotControl 7.22-手柄控制模型和机械臂--乐\Debug\AutoPlanSetDlg.obj
C:\Users\robot\Desktop\RobotControl 7.22-手柄控制模型和机械臂--乐\Debug\AutoPlanSetDlg.sbr
C:\Users\robot\Desktop\RobotControl 7.22-手柄控制模型和机械臂--乐\Debug\BscMake.command.1.tlog
C:\Users\robot\Desktop\RobotControl 7.22-手柄控制模型和机械臂--乐\Debug\bscmake.read.1.tlog
C:\Users\robot\Desktop\RobotControl 7.22-手柄控制模型和机械臂--乐\Debug\bscmake.write.1.tlog
C:\Users\robot\Desktop\RobotControl 7.22-手柄控制模型和机械臂--乐\Debug\cl.command.1.tlog
C:\Users\robot\Desktop\RobotControl 7.22-手柄控制模型和机械臂--乐\Debug\CL.read.1.tlog
C:\Users\robot\Desktop\RobotControl 7.22-手柄控制模型和机械臂--乐\Debug\CL.write.1.tlog
C:\Users\robot\Desktop\RobotControl 7.22-手柄控制模型和机械臂--乐\Debug\CtrlTab.obj
C:\Users\robot\Desktop\RobotControl 7.22-手柄控制模型和机械臂--乐\Debug\CtrlTab.sbr
C:\Users\robot\Desktop\RobotControl 7.22-手柄控制模型和机械臂--乐\Debug\HandControlDlg.obj
C:\Users\robot\Desktop\RobotControl 7.22-手柄控制模型和机械臂--乐\Debug\HandControlDlg.sbr
C:\Users\robot\Desktop\RobotControl 7.22-手柄控制模型和机械臂--乐\Debug\InitHardware.obj
C:\Users\robot\Desktop\RobotControl 7.22-手柄控制模型和机械臂--乐\Debug\InitHardware.sbr
C:\Users\robot\Desktop\RobotControl 7.22-手柄控制模型和机械臂--乐\Debug\LinerPlanSetDlg.obj
C:\Users\robot\Desktop\RobotControl 7.22-手柄控制模型和机械臂--乐\Debug\LinerPlanSetDlg.sbr
C:\Users\robot\Desktop\RobotControl 7.22-手柄控制模型和机械臂--乐\Debug\link.8940.read.1.tlog
C:\Users\robot\Desktop\RobotControl 7.22-手柄控制模型和机械臂--乐\Debug\link.8940.write.1.tlog
C:\Users\robot\Desktop\RobotControl 7.22-手柄控制模型和机械臂--乐\Debug\link.8940-cvtres.read.1.tlog
C:\Users\robot\Desktop\RobotControl 7.22-手柄控制模型和机械臂--乐\Debug\link.8940-cvtres.write.1.tlog
C:\Users\robot\Desktop\RobotControl 7.22-手柄控制模型和机械臂--乐\Debug\link.9020.read.1.tlog
C:\Users\robot\Desktop\RobotControl 7.22-手柄控制模型和机械臂--乐\Debug\link.9020.write.1.tlog
C:\Users\robot\Desktop\RobotControl 7.22-手柄控制模型和机械臂--乐\Debug\link.9020-cvtres.read.1.tlog
C:\Users\robot\Desktop\RobotControl 7.22-手柄控制模型和机械臂--乐\Debug\link.9020-cvtres.write.1.tlog
C:\Users\robot\Desktop\RobotControl 7.22-手柄控制模型和机械臂--乐\Debug\link.9600.read.1.tlog
C:\Users\robot\Desktop\RobotControl 7.22-手柄控制模型和机械臂--乐\Debug\link.9600.write.1.tlog
C:\Users\robot\Desktop\RobotControl 7.22-手柄控制模型和机械臂--乐\Debug\link.9600-cvtres.read.1.tlog
C:\Users\robot\Desktop\RobotControl 7.22-手柄控制模型和机械臂--乐\Debug\link.9600-cvtres.write.1.tlog
C:\Users\robot\Desktop\RobotControl 7.22-手柄控制模型和机械臂--乐\Debug\link.command.1.tlog
C:\Users\robot\Desktop\RobotControl 7.22-手柄控制模型和机械臂--乐\Debug\link.read.1.tlog
C:\Users\robot\Desktop\RobotControl 7.22-手柄控制模型和机械臂--乐\Debug\link.write.1.tlog
C:\Users\robot\Desktop\RobotControl 7.22-手柄控制模型和机械臂--乐\Debug\link-cvtres.read.1.tlog
C:\Users\robot\Desktop\RobotControl 7.22-手柄控制模型和机械臂--乐\Debug\link-cvtres.write.1.tlog
C:\Users\robot\Desktop\RobotControl 7.22-手柄控制模型和机械臂--乐\Debug\MainFrm.obj
C:\Users\robot\Desktop\RobotControl 7.22-手柄控制模型和机械臂--乐\Debug\MainFrm.sbr
C:\Users\robot\Desktop\RobotControl 7.22-手柄控制模型和机械臂--乐\Debug\mt.command.1.tlog
C:\Users\robot\Desktop\RobotControl 7.22-手柄控制模型和机械臂--乐\Debug\mt.read.1.tlog
C:\Users\robot\Desktop\RobotControl 7.22-手柄控制模型和机械臂--乐\Debug\mt.write.1.tlog
C:\Users\robot\Desktop\RobotControl 7.22-手柄控制模型和机械臂--乐\Debug\PathPlanDlg.obj
C:\Users\robot\Desktop\RobotControl 7.22-手柄控制模型和机械臂--乐\Debug\PathPlanDlg.sbr
C:\Users\robot\Desktop\RobotControl 7.22-手柄控制模型和机械臂--乐\Debug\rc.command.1.tlog
C:\Users\robot\Desktop\RobotControl 7.22-手柄控制模型和机械臂--乐\Debug\rc.read.1.tlog
C:\Users\robot\Desktop\RobotControl 7.22-手柄控制模型和机械臂--乐\Debug\rc.write.1.tlog
C:\Users\robot\Desktop\RobotControl 7.22-手柄控制模型和机械臂--乐\Debug\RobotControl.bsc
C:\Users\robot\Desktop\RobotControl 7.22-手柄控制模型和机械臂--乐\Debug\RobotControl.exe.embed.manifest
C:\Users\robot\Desktop\RobotControl 7.22-手柄控制模型和机械臂--乐\Debug\RobotControl.exe.embed.manifest.res
C:\Users\robot\Desktop\RobotControl 7.22-手柄控制模型和机械臂--乐\Debug\RobotControl.exe.intermediate.manifest
C:\Users\robot\Desktop\RobotControl 7.22-手柄控制模型和机械臂--乐\Debug\RobotControl.ilk
C:\Users\robot\Desktop\RobotControl 7.22-手柄控制模型和机械臂--乐\Debug\RobotControl.obj
C:\Users\robot\Desktop\RobotControl 7.22-手柄控制模型和机械臂--乐\Debug\RobotControl.pch
C:\Users\robot\Desktop\RobotControl 7.22-手柄控制模型和机械臂--乐\Debug\RobotControl.pdb
C:\Users\robot\Desktop\RobotControl 7.22-手柄控制模型和机械臂--乐\Debug\RobotControl.res
C:\Users\robot\Desktop\RobotControl 7.22-手柄控制模型和机械臂--乐\Debug\RobotControl.sbr
C:\Users\robot\Desktop\RobotControl 7.22-手柄控制模型和机械臂--乐\Debug\RobotControl.vcxprojResolveAssemblyReference.cache
C:\Users\robot\Desktop\RobotControl 7.22-手柄控制模型和机械臂--乐\Debug\RobotControl.write.1.tlog
C:\Users\robot\Desktop\RobotControl 7.22-手柄控制模型和机械臂--乐\Debug\RobotControl_manifest.rc
C:\Users\robot\Desktop\RobotControl 7.22-手柄控制模型和机械臂--乐\Debug\RobotControlDoc.obj
C:\Users\robot\Desktop\RobotControl 7.22-手柄控制模型和机械臂--乐\Debug\RobotControlDoc.sbr
C:\Users\robot\Desktop\RobotControl 7.22-手柄控制模型和机械臂--乐\Debug\RobotControlMultiDoc.obj
C:\Users\robot\Desktop\RobotControl 7.22-手柄控制模型和机械臂--乐\Debug\RobotControlMultiDoc.sbr
C:\Users\robot\Desktop\RobotControl 7.22-手柄控制模型和机械臂--乐\Debug\RobotControlView.obj
C:\Users\robot\Desktop\RobotControl 7.22-手柄控制模型和机械臂--乐\Debug\RobotControlView.sbr
C:\Users\robot\Desktop\RobotControl 7.22-手柄控制模型和机械臂--乐\Debug\sidebar.obj
C:\Users\robot\Desktop\RobotControl 7.22-手柄控制模型和机械臂--乐\Debug\sidebar.sbr
C:\Users\robot\Desktop\RobotControl 7.22-手柄控制模型和机械臂--乐\Debug\StdAfx.obj
C:\Users\robot\Desktop\RobotControl 7.22-手柄控制模型和机械臂--乐\Debug\StdAfx.sbr
C:\Users\robot\Desktop\RobotControl 7.22-手柄控制模型和机械臂--乐\Debug\vc100.idb
C:\Users\robot\Desktop\RobotControl 7.22-手柄控制模型和机械臂--乐\Debug\vc100.pdb
C:\USERS\ROBOT\DESKTOP\ROBOTCONTROL 7.22-游戏手柄控制模型和机械臂--乐\DEBUG\AUTOPLANSETDLG.OBJ
C:\USERS\ROBOT\DESKTOP\ROBOTCONTROL 7.22-游戏手柄控制模型和机械臂--乐\DEBUG\AUTOPLANSETDLG.SBR
C:\USERS\ROBOT\DESKTOP\ROBOTCONTROL 7.22-游戏手柄控制模型和机械臂--乐\DEBUG\CTRLTAB.OBJ
C:\USERS\ROBOT\DESKTOP\ROBOTCONTROL 7.22-游戏手柄控制模型和机械臂--乐\DEBUG\CTRLTAB.SBR
C:\USERS\ROBOT\DESKTOP\ROBOTCONTROL 7.22-游戏手柄控制模型和机械臂--乐\DEBUG\HANDCONTROLDLG.OBJ
C:\USERS\ROBOT\DESKTOP\ROBOTCONTROL 7.22-游戏手柄控制模型和机械臂--乐\DEBUG\HANDCONTROLDLG.SBR
C:\USERS\ROBOT\DESKTOP\ROBOTCONTROL 7.22-游戏手柄控制模型和机械臂--乐\DEBUG\INITHARDWARE.OBJ
C:\USERS\ROBOT\DESKTOP\ROBOTCONTROL 7.22-游戏手柄控制模型和机械臂--乐\DEBUG\INITHARDWARE.SBR
C:\USERS\ROBOT\DESKTOP\ROBOTCONTROL 7.22-游戏手柄控制模型和机械臂--乐\DEBUG\LINERPLANSETDLG.OBJ
C:\USERS\ROBOT\DESKTOP\ROBOTCONTROL 7.22-游戏手柄控制模型和机械臂--乐\DEBUG\LINERPLANSETDLG.SBR
C:\USERS\ROBOT\DESKTOP\ROBOTCONTROL 7.22-游戏手柄控制模型和机械臂--乐\DEBUG\MAINFRM.OBJ
C:\USERS\ROBOT\DESKTOP\ROBOTCONTROL 7.22-游戏手柄控制模型和机械臂--乐\DEBUG\MAINFRM.SBR
C:\USERS\ROBOT\DESKTOP\ROBOTCONTROL 7.22-游戏手柄控制模型和机械臂--乐\DEBUG\PATHPLANDLG.OBJ
C:\USERS\ROBOT\DESKTOP\ROBOTCONTROL 7.22-游戏手柄控制模型和机械臂--乐\DEBUG\PATHPLANDLG.SBR
C:\USERS\ROBOT\DESKTOP\ROBOTCONTROL 7.22-游戏手柄控制模型和机械臂--乐\DEBUG\ROBOTCONTROL.BSC
C:\USERS\ROBOT\DESKTOP\ROBOTCONTROL 7.22-游戏手柄控制模型和机械臂--乐\DEBUG\ROBOTCONTROL.EXE
C:\USERS\ROBOT\DESKTOP\ROBOTCONTROL 7.22-游戏手柄控制模型和机械臂--乐\DEBUG\ROBOTCONTROL.EXE.EMBED.MANIFEST.RES
C:\USERS\ROBOT\DESKTOP\ROBOTCONTROL 7.22-游戏手柄控制模型和机械臂--乐\DEBUG\ROBOTCONTROL.EXE.INTERMEDIATE.MANIFEST
C:\USERS\ROBOT\DESKTOP\ROBOTCONTROL 7.22-游戏手柄控制模型和机械臂--乐\DEBUG\ROBOTCONTROL.ILK
C:\USERS\ROBOT\DESKTOP\ROBOTCONTROL 7.22-游戏手柄控制模型和机械臂--乐\DEBUG\ROBOTCONTROL.OBJ
C:\USERS\ROBOT\DESKTOP\ROBOTCONTROL 7.22-游戏手柄控制模型和机械臂--乐\DEBUG\ROBOTCONTROL.PCH
C:\USERS\ROBOT\DESKTOP\ROBOTCONTROL 7.22-游戏手柄控制模型和机械臂--乐\DEBUG\ROBOTCONTROL.PDB
C:\USERS\ROBOT\DESKTOP\ROBOTCONTROL 7.22-游戏手柄控制模型和机械臂--乐\DEBUG\ROBOTCONTROL.RES
C:\USERS\ROBOT\DESKTOP\ROBOTCONTROL 7.22-游戏手柄控制模型和机械臂--乐\DEBUG\ROBOTCONTROL.SBR
C:\USERS\ROBOT\DESKTOP\ROBOTCONTROL 7.22-游戏手柄控制模型和机械臂--乐\DEBUG\ROBOTCONTROLDOC.OBJ
C:\USERS\ROBOT\DESKTOP\ROBOTCONTROL 7.22-游戏手柄控制模型和机械臂--乐\DEBUG\ROBOTCONTROLDOC.SBR
C:\USERS\ROBOT\DESKTOP\ROBOTCONTROL 7.22-游戏手柄控制模型和机械臂--乐\DEBUG\ROBOTCONTROLMULTIDOC.OBJ
C:\USERS\ROBOT\DESKTOP\ROBOTCONTROL 7.22-游戏手柄控制模型和机械臂--乐\DEBUG\ROBOTCONTROLMULTIDOC.SBR
C:\USERS\ROBOT\DESKTOP\ROBOTCONTROL 7.22-游戏手柄控制模型和机械臂--乐\DEBUG\ROBOTCONTROLVIEW.OBJ
C:\USERS\ROBOT\DESKTOP\ROBOTCONTROL 7.22-游戏手柄控制模型和机械臂--乐\DEBUG\ROBOTCONTROLVIEW.SBR
C:\USERS\ROBOT\DESKTOP\ROBOTCONTROL 7.22-游戏手柄控制模型和机械臂--乐\DEBUG\SIDEBAR.OBJ
C:\USERS\ROBOT\DESKTOP\ROBOTCONTROL 7.22-游戏手柄控制模型和机械臂--乐\DEBUG\SIDEBAR.SBR
C:\USERS\ROBOT\DESKTOP\ROBOTCONTROL 7.22-游戏手柄控制模型和机械臂--乐\DEBUG\STDAFX.OBJ
C:\USERS\ROBOT\DESKTOP\ROBOTCONTROL 7.22-游戏手柄控制模型和机械臂--乐\DEBUG\STDAFX.SBR
C:\USERS\ROBOT\DESKTOP\ROBOTCONTROL 7.22-游戏手柄控制模型和机械臂--乐\DEBUG\VC100.PDB
H:\清华大学工作相关\严谨外传资料\项目程序文件夹\修改后程序阶段性记录\ROBOTCONTROL 11.17--乐\DEBUG\AUTOPLANSETDLG.OBJ
H:\清华大学工作相关\严谨外传资料\项目程序文件夹\修改后程序阶段性记录\ROBOTCONTROL 11.17--乐\DEBUG\AUTOPLANSETDLG.SBR
H:\清华大学工作相关\严谨外传资料\项目程序文件夹\修改后程序阶段性记录\ROBOTCONTROL 11.17--乐\DEBUG\CTRLTAB.OBJ
H:\清华大学工作相关\严谨外传资料\项目程序文件夹\修改后程序阶段性记录\ROBOTCONTROL 11.17--乐\DEBUG\CTRLTAB.SBR
H:\清华大学工作相关\严谨外传资料\项目程序文件夹\修改后程序阶段性记录\ROBOTCONTROL 11.17--乐\DEBUG\HANDCONTROLDLG.OBJ
H:\清华大学工作相关\严谨外传资料\项目程序文件夹\修改后程序阶段性记录\ROBOTCONTROL 11.17--乐\DEBUG\HANDCONTROLDLG.SBR
H:\清华大学工作相关\严谨外传资料\项目程序文件夹\修改后程序阶段性记录\ROBOTCONTROL 11.17--乐\DEBUG\INITHARDWARE.OBJ
H:\清华大学工作相关\严谨外传资料\项目程序文件夹\修改后程序阶段性记录\ROBOTCONTROL 11.17--乐\DEBUG\INITHARDWARE.SBR
H:\清华大学工作相关\严谨外传资料\项目程序文件夹\修改后程序阶段性记录\ROBOTCONTROL 11.17--乐\DEBUG\LINERPLANSETDLG.OBJ
H:\清华大学工作相关\严谨外传资料\项目程序文件夹\修改后程序阶段性记录\ROBOTCONTROL 11.17--乐\DEBUG\LINERPLANSETDLG.SBR
H:\清华大学工作相关\严谨外传资料\项目程序文件夹\修改后程序阶段性记录\ROBOTCONTROL 11.17--乐\DEBUG\MAINFRM.OBJ
H:\清华大学工作相关\严谨外传资料\项目程序文件夹\修改后程序阶段性记录\ROBOTCONTROL 11.17--乐\DEBUG\MAINFRM.SBR
H:\清华大学工作相关\严谨外传资料\项目程序文件夹\修改后程序阶段性记录\ROBOTCONTROL 11.17--乐\DEBUG\PATHPLANDLG.OBJ
H:\清华大学工作相关\严谨外传资料\项目程序文件夹\修改后程序阶段性记录\ROBOTCONTROL 11.17--乐\DEBUG\PATHPLANDLG.SBR
H:\清华大学工作相关\严谨外传资料\项目程序文件夹\修改后程序阶段性记录\ROBOTCONTROL 11.17--乐\DEBUG\ROBOTCONTROL.BSC
H:\清华大学工作相关\严谨外传资料\项目程序文件夹\修改后程序阶段性记录\ROBOTCONTROL 11.17--乐\DEBUG\ROBOTCONTROL.EXE
H:\清华大学工作相关\严谨外传资料\项目程序文件夹\修改后程序阶段性记录\ROBOTCONTROL 11.17--乐\DEBUG\ROBOTCONTROL.EXE.EMBED.MANIFEST
H:\清华大学工作相关\严谨外传资料\项目程序文件夹\修改后程序阶段性记录\ROBOTCONTROL 11.17--乐\DEBUG\ROBOTCONTROL.EXE.EMBED.MANIFEST.RES
H:\清华大学工作相关\严谨外传资料\项目程序文件夹\修改后程序阶段性记录\ROBOTCONTROL 11.17--乐\DEBUG\ROBOTCONTROL.EXE.INTERMEDIATE.MANIFEST
H:\清华大学工作相关\严谨外传资料\项目程序文件夹\修改后程序阶段性记录\ROBOTCONTROL 11.17--乐\DEBUG\ROBOTCONTROL.ILK
H:\清华大学工作相关\严谨外传资料\项目程序文件夹\修改后程序阶段性记录\ROBOTCONTROL 11.17--乐\DEBUG\ROBOTCONTROL.OBJ
H:\清华大学工作相关\严谨外传资料\项目程序文件夹\修改后程序阶段性记录\ROBOTCONTROL 11.17--乐\DEBUG\ROBOTCONTROL.PCH
H:\清华大学工作相关\严谨外传资料\项目程序文件夹\修改后程序阶段性记录\ROBOTCONTROL 11.17--乐\DEBUG\ROBOTCONTROL.PDB
H:\清华大学工作相关\严谨外传资料\项目程序文件夹\修改后程序阶段性记录\ROBOTCONTROL 11.17--乐\DEBUG\ROBOTCONTROL.RES
H:\清华大学工作相关\严谨外传资料\项目程序文件夹\修改后程序阶段性记录\ROBOTCONTROL 11.17--乐\DEBUG\ROBOTCONTROL.SBR
H:\清华大学工作相关\严谨外传资料\项目程序文件夹\修改后程序阶段性记录\ROBOTCONTROL 11.17--乐\DEBUG\ROBOTCONTROLDOC.OBJ
H:\清华大学工作相关\严谨外传资料\项目程序文件夹\修改后程序阶段性记录\ROBOTCONTROL 11.17--乐\DEBUG\ROBOTCONTROLDOC.SBR
H:\清华大学工作相关\严谨外传资料\项目程序文件夹\修改后程序阶段性记录\ROBOTCONTROL 11.17--乐\DEBUG\ROBOTCONTROLMULTIDOC.OBJ
H:\清华大学工作相关\严谨外传资料\项目程序文件夹\修改后程序阶段性记录\ROBOTCONTROL 11.17--乐\DEBUG\ROBOTCONTROLMULTIDOC.SBR
H:\清华大学工作相关\严谨外传资料\项目程序文件夹\修改后程序阶段性记录\ROBOTCONTROL 11.17--乐\DEBUG\ROBOTCONTROLVIEW.OBJ
H:\清华大学工作相关\严谨外传资料\项目程序文件夹\修改后程序阶段性记录\ROBOTCONTROL 11.17--乐\DEBUG\ROBOTCONTROLVIEW.SBR
H:\清华大学工作相关\严谨外传资料\项目程序文件夹\修改后程序阶段性记录\ROBOTCONTROL 11.17--乐\DEBUG\SIDEBAR.OBJ
H:\清华大学工作相关\严谨外传资料\项目程序文件夹\修改后程序阶段性记录\ROBOTCONTROL 11.17--乐\DEBUG\SIDEBAR.SBR
H:\清华大学工作相关\严谨外传资料\项目程序文件夹\修改后程序阶段性记录\ROBOTCONTROL 11.17--乐\DEBUG\STDAFX.OBJ
H:\清华大学工作相关\严谨外传资料\项目程序文件夹\修改后程序阶段性记录\ROBOTCONTROL 11.17--乐\DEBUG\STDAFX.SBR
H:\清华大学工作相关\严谨外传资料\项目程序文件夹\修改后程序阶段性记录\ROBOTCONTROL 11.17--乐\DEBUG\VC100.PDB
